2025-05-14 04:21:41,305 - flask_app - INFO - Starting Flask application...
2025-05-14 04:21:41,308 - flask_app - INFO - Initializing ModelManager...
2025-05-14 04:21:41,308 - model_manager - INFO - Initializing models...
2025-05-14 04:21:41,308 - model_manager - INFO - Initializing TextCleaner...
2025-05-14 04:21:55,644 - model_manager - INFO - TextCleaner initialized successfully.
2025-05-14 04:21:55,644 - model_manager - INFO - Loading TF-IDF Vectorizer...
2025-05-14 04:22:00,260 - model_manager - INFO - TF-IDF Vectorizer loaded from: D:\DUT_ITF\Semester_8th\xu_ly_ngon_ngu_tu_nhien\code\news_classification\models\tfidf_vectorizer.joblib
2025-05-14 04:22:00,261 - model_manager - INFO - Loading Naive Bayes model...
2025-05-14 04:22:00,269 - model_manager - INFO - Naive Bayes model loaded from: D:\DUT_ITF\Semester_8th\xu_ly_ngon_ngu_tu_nhien\code\news_classification\models\naive_bayes_model.joblib
2025-05-14 04:22:00,269 - model_manager - INFO - Loading Logistic Regression model...
2025-05-14 04:22:00,435 - model_manager - INFO - Logistic Regression model loaded from: D:\DUT_ITF\Semester_8th\xu_ly_ngon_ngu_tu_nhien\code\news_classification\models\logistic_regression_model.joblib
2025-05-14 04:22:00,435 - model_manager - INFO - Loading tokenizer...
2025-05-14 04:22:00,469 - model_manager - INFO - Tokenizer loaded from: D:\DUT_ITF\Semester_8th\xu_ly_ngon_ngu_tu_nhien\code\news_classification\models\tokenizer.pkl
2025-05-14 04:22:00,469 - model_manager - INFO - Loading label encoder...
2025-05-14 04:22:00,469 - model_manager - INFO - Label encoder loaded from: D:\DUT_ITF\Semester_8th\xu_ly_ngon_ngu_tu_nhien\code\news_classification\models\label_encoder.pkl
2025-05-14 04:22:00,469 - model_manager - INFO - Loading max_len...
2025-05-14 04:22:00,471 - model_manager - INFO - Max length loaded: 200 from D:\DUT_ITF\Semester_8th\xu_ly_ngon_ngu_tu_nhien\code\news_classification\models\max_len.pkl
2025-05-14 04:22:00,471 - model_manager - INFO - Loading BiGRU model...
2025-05-14 04:22:01,533 - model_manager - INFO - BiGRU model loaded from: D:\DUT_ITF\Semester_8th\xu_ly_ngon_ngu_tu_nhien\code\news_classification\models\bigru_model.keras
2025-05-14 04:22:01,533 - model_manager - INFO - Loading BiLSTM model...
2025-05-14 04:22:01,979 - model_manager - INFO - BiLSTM model loaded from: D:\DUT_ITF\Semester_8th\xu_ly_ngon_ngu_tu_nhien\code\news_classification\models\bilstm_model.keras
2025-05-14 04:22:01,979 - model_manager - INFO - Model initialization complete.
2025-05-14 04:22:01,979 - flask_app - INFO - ModelManager initialized successfully.
2025-05-14 04:22:01,981 - flask_app - INFO - Flask application created, starting server...
2025-05-14 04:22:01,989 - werkzeug - INFO - [31m[1mWARNING: This is a development server. Do not use it in a production deployment. Use a production WSGI server instead.[0m
 * Running on http://127.0.0.1:5000
2025-05-14 04:22:01,989 - werkzeug - INFO - [33mPress CTRL+C to quit[0m
2025-05-14 04:22:05,592 - flask_app - INFO - Index page accessed
2025-05-14 04:22:05,598 - werkzeug - INFO - 127.0.0.1 - - [14/May/2025 04:22:05] "GET / HTTP/1.1" 200 -
2025-05-14 04:22:05,652 - werkzeug - INFO - 127.0.0.1 - - [14/May/2025 04:22:05] "[33mGET /.well-known/appspecific/com.chrome.devtools.json HTTP/1.1[0m" 404 -
2025-05-14 04:22:05,773 - werkzeug - INFO - 127.0.0.1 - - [14/May/2025 04:22:05] "[36mGET /static/js/main.js HTTP/1.1[0m" 304 -
2025-05-14 04:22:05,773 - werkzeug - INFO - 127.0.0.1 - - [14/May/2025 04:22:05] "[36mGET /static/css/style.css HTTP/1.1[0m" 304 -
2025-05-14 04:22:16,478 - flask_app - INFO - [97b3c027] Classification request received
2025-05-14 04:22:16,479 - flask_app - INFO - [97b3c027] Model type: logistic_regression_model
2025-05-14 04:22:16,479 - flask_app - INFO - [97b3c027] Title length: 55 characters
2025-05-14 04:22:16,479 - flask_app - INFO - [97b3c027] Description length: 144 characters
2025-05-14 04:22:16,479 - flask_app - INFO - [97b3c027] Content length: 902 characters
2025-05-14 04:22:16,481 - flask_app - INFO - [97b3c027] Using machine learning model: logistic_regression_model
2025-05-14 04:22:16,481 - model_manager - INFO - Starting prediction with logistic_regression_model...
2025-05-14 04:22:16,551 - model_manager - INFO - Cleaning input text...
2025-05-14 04:22:16,829 - model_manager - INFO - Text cleaned successfully. Combined length: 704 characters
2025-05-14 04:22:16,829 - model_manager - INFO - Using Logistic Regression model for prediction
2025-05-14 04:22:16,832 - model_manager - INFO - Text vectorized successfully. Shape: (1, 5000)
2025-05-14 04:22:16,836 - model_manager - INFO - Top 5 predictions:
2025-05-14 04:22:16,857 - model_manager - INFO - Prediction completed in 0.38 seconds
2025-05-14 04:22:16,862 - flask_app - INFO - [97b3c027] Classification completed with model: Logistic Regression
2025-05-14 04:22:16,863 - werkzeug - INFO - 127.0.0.1 - - [14/May/2025 04:22:16] "POST /classify HTTP/1.1" 200 -
2025-05-14 04:28:10,912 - model_manager - INFO - Initializing models...
2025-05-14 04:28:10,912 - model_manager - INFO - Initializing TextCleaner...
2025-05-14 04:28:24,289 - model_manager - INFO - TextCleaner initialized successfully.
2025-05-14 04:28:24,291 - model_manager - INFO - Loading TF-IDF Vectorizer...
2025-05-14 04:28:28,443 - model_manager - INFO - TF-IDF Vectorizer loaded from: D:\DUT_ITF\Semester_8th\xu_ly_ngon_ngu_tu_nhien\code\news_classification\models\tfidf_vectorizer.joblib
2025-05-14 04:28:28,444 - model_manager - INFO - Loading Naive Bayes model...
2025-05-14 04:28:28,450 - model_manager - INFO - Naive Bayes model loaded from: D:\DUT_ITF\Semester_8th\xu_ly_ngon_ngu_tu_nhien\code\news_classification\models\naive_bayes_model.joblib
2025-05-14 04:28:28,450 - model_manager - INFO - Loading Logistic Regression model...
2025-05-14 04:28:28,614 - model_manager - INFO - Logistic Regression model loaded from: D:\DUT_ITF\Semester_8th\xu_ly_ngon_ngu_tu_nhien\code\news_classification\models\logistic_regression_model.joblib
2025-05-14 04:28:28,616 - model_manager - INFO - Loading tokenizer...
2025-05-14 04:28:28,649 - model_manager - INFO - Tokenizer loaded from: D:\DUT_ITF\Semester_8th\xu_ly_ngon_ngu_tu_nhien\code\news_classification\models\tokenizer.pkl
2025-05-14 04:28:28,651 - model_manager - INFO - Loading label encoder...
2025-05-14 04:28:28,651 - model_manager - INFO - Label encoder loaded from: D:\DUT_ITF\Semester_8th\xu_ly_ngon_ngu_tu_nhien\code\news_classification\models\label_encoder.pkl
2025-05-14 04:28:28,652 - model_manager - INFO - Loading max_len...
2025-05-14 04:28:28,652 - model_manager - INFO - Max length loaded: 200 from D:\DUT_ITF\Semester_8th\xu_ly_ngon_ngu_tu_nhien\code\news_classification\models\max_len.pkl
2025-05-14 04:28:28,652 - model_manager - INFO - Loading BiGRU model...
2025-05-14 04:28:29,764 - model_manager - INFO - BiGRU model loaded from: D:\DUT_ITF\Semester_8th\xu_ly_ngon_ngu_tu_nhien\code\news_classification\models\bigru_model.keras
2025-05-14 04:28:29,764 - model_manager - INFO - Loading BiLSTM model...
2025-05-14 04:28:30,203 - model_manager - INFO - BiLSTM model loaded from: D:\DUT_ITF\Semester_8th\xu_ly_ngon_ngu_tu_nhien\code\news_classification\models\bilstm_model.keras
2025-05-14 04:28:30,204 - model_manager - INFO - Model initialization complete.
2025-05-14 04:29:38,984 - model_manager - INFO - Starting prediction with logistic_regression_model...
2025-05-14 04:29:38,985 - model_manager - INFO - Input title: Pakistan công bố thương vong trong giao tranh với ...
2025-05-14 04:29:38,991 - model_manager - INFO - Cleaning input text...
2025-05-14 04:29:39,365 - model_manager - INFO - Text cleaned successfully. Combined length: 704 characters
2025-05-14 04:29:39,366 - model_manager - INFO - Using Logistic Regression model for prediction
2025-05-14 04:29:39,368 - model_manager - INFO - Text vectorized successfully. Shape: (1, 5000)
2025-05-14 04:29:39,370 - model_manager - INFO - Prediction result: Quân sự
2025-05-14 04:29:39,374 - model_manager - INFO - Top 5 predictions:
2025-05-14 04:29:39,376 - model_manager - INFO -   1. Quân sự: 0.7203
2025-05-14 04:29:39,383 - model_manager - INFO -   2. Người Việt 5 châu: 0.0212
2025-05-14 04:29:39,389 - model_manager - INFO -   3. Chuyển đổi số: 0.0148
2025-05-14 04:29:39,394 - model_manager - INFO -   4. Thế giới tự nhiên: 0.0133
2025-05-14 04:29:39,400 - model_manager - INFO -   5. Tin tức sức khoẻ: 0.0127
2025-05-14 04:29:39,404 - model_manager - INFO - Prediction completed in 0.42 seconds
2025-05-14 04:35:00,647 - INFO - Starting Flask application...
2025-05-14 04:35:00,648 - INFO - Initializing ModelManager...
2025-05-14 04:35:00,649 - INFO - Initializing models...
2025-05-14 04:35:00,649 - INFO - Initializing TextCleaner...
2025-05-14 04:35:14,466 - INFO - TextCleaner initialized successfully.
2025-05-14 04:35:14,468 - INFO - Loading TF-IDF Vectorizer...
2025-05-14 04:35:18,672 - INFO - TF-IDF Vectorizer loaded from: D:\DUT_ITF\Semester_8th\xu_ly_ngon_ngu_tu_nhien\code\news_classification\models\tfidf_vectorizer.joblib
2025-05-14 04:35:18,673 - INFO - Loading Naive Bayes model...
2025-05-14 04:35:18,683 - INFO - Naive Bayes model loaded from: D:\DUT_ITF\Semester_8th\xu_ly_ngon_ngu_tu_nhien\code\news_classification\models\naive_bayes_model.joblib
2025-05-14 04:35:18,684 - INFO - Loading Logistic Regression model...
2025-05-14 04:35:18,899 - INFO - Logistic Regression model loaded from: D:\DUT_ITF\Semester_8th\xu_ly_ngon_ngu_tu_nhien\code\news_classification\models\logistic_regression_model.joblib
2025-05-14 04:35:18,899 - INFO - Loading tokenizer...
2025-05-14 04:35:18,973 - INFO - Tokenizer loaded from: D:\DUT_ITF\Semester_8th\xu_ly_ngon_ngu_tu_nhien\code\news_classification\models\tokenizer.pkl
2025-05-14 04:35:18,973 - INFO - Loading label encoder...
2025-05-14 04:35:18,974 - INFO - Label encoder loaded from: D:\DUT_ITF\Semester_8th\xu_ly_ngon_ngu_tu_nhien\code\news_classification\models\label_encoder.pkl
2025-05-14 04:35:18,974 - INFO - Loading max_len...
2025-05-14 04:35:18,974 - INFO - Max length loaded: 200 from D:\DUT_ITF\Semester_8th\xu_ly_ngon_ngu_tu_nhien\code\news_classification\models\max_len.pkl
2025-05-14 04:35:18,974 - INFO - Loading BiGRU model...
2025-05-14 04:35:20,312 - INFO - BiGRU model loaded from: D:\DUT_ITF\Semester_8th\xu_ly_ngon_ngu_tu_nhien\code\news_classification\models\bigru_model.keras
2025-05-14 04:35:20,312 - INFO - Loading BiLSTM model...
2025-05-14 04:35:20,839 - INFO - BiLSTM model loaded from: D:\DUT_ITF\Semester_8th\xu_ly_ngon_ngu_tu_nhien\code\news_classification\models\bilstm_model.keras
2025-05-14 04:35:20,839 - INFO - Model initialization complete.
2025-05-14 04:35:20,840 - INFO - ModelManager initialized successfully.
2025-05-14 04:35:20,840 - INFO - Flask application created, starting server...
2025-05-14 04:35:20,850 - INFO - [31m[1mWARNING: This is a development server. Do not use it in a production deployment. Use a production WSGI server instead.[0m
 * Running on http://127.0.0.1:5000
2025-05-14 04:35:20,850 - INFO - [33mPress CTRL+C to quit[0m
2025-05-14 04:35:23,560 - INFO - Index page accessed
2025-05-14 04:35:23,566 - INFO - 127.0.0.1 - - [14/May/2025 04:35:23] "GET / HTTP/1.1" 200 -
2025-05-14 04:35:23,621 - INFO - 127.0.0.1 - - [14/May/2025 04:35:23] "[33mGET /.well-known/appspecific/com.chrome.devtools.json HTTP/1.1[0m" 404 -
2025-05-14 04:35:23,744 - INFO - 127.0.0.1 - - [14/May/2025 04:35:23] "[36mGET /static/css/style.css HTTP/1.1[0m" 304 -
2025-05-14 04:35:23,748 - INFO - 127.0.0.1 - - [14/May/2025 04:35:23] "[36mGET /static/js/main.js HTTP/1.1[0m" 304 -
2025-05-14 04:35:37,333 - INFO - [b003d69d] Classification request received
2025-05-14 04:35:37,335 - INFO - [b003d69d] Model type: logistic_regression_model
2025-05-14 04:35:37,335 - INFO - [b003d69d] Title length: 55 characters
2025-05-14 04:35:37,335 - INFO - [b003d69d] Description length: 144 characters
2025-05-14 04:35:37,336 - INFO - [b003d69d] Content length: 902 characters
2025-05-14 04:35:37,336 - INFO - [b003d69d] Using machine learning model: logistic_regression_model
2025-05-14 04:35:37,336 - INFO - Starting prediction with logistic_regression_model...
2025-05-14 04:35:37,336 - INFO - Input title: Pakistan công bố thương vong trong giao tranh với ...
2025-05-14 04:35:37,337 - INFO - Cleaning input text...
2025-05-14 04:35:37,662 - INFO - Text cleaned successfully. Combined length: 704 characters
2025-05-14 04:35:37,663 - INFO - Using Logistic Regression model for prediction
2025-05-14 04:35:37,664 - INFO - Text vectorized successfully. Shape: (1, 5000)
2025-05-14 04:35:37,666 - INFO - Prediction result: Quân sự
2025-05-14 04:35:37,667 - INFO - Top 5 predictions:
2025-05-14 04:35:37,667 - INFO -   1. Quân sự: 0.7203
2025-05-14 04:35:37,667 - INFO -   2. Người Việt 5 châu: 0.0212
2025-05-14 04:35:37,668 - INFO -   3. Chuyển đổi số: 0.0148
2025-05-14 04:35:37,668 - INFO -   4. Thế giới tự nhiên: 0.0133
2025-05-14 04:35:37,669 - INFO -   5. Tin tức sức khoẻ: 0.0127
2025-05-14 04:35:37,669 - INFO - Prediction completed in 0.33 seconds
2025-05-14 04:35:37,670 - INFO - [b003d69d] Classification successful. Predicted topic: Quân sự
2025-05-14 04:35:37,670 - INFO - [b003d69d] Classification completed with model: Logistic Regression
2025-05-14 04:35:37,671 - INFO - 127.0.0.1 - - [14/May/2025 04:35:37] "POST /classify HTTP/1.1" 200 -
2025-05-14 04:39:09,888 - INFO - Starting Flask application...
2025-05-14 04:39:09,889 - INFO - Initializing ModelManager...
2025-05-14 04:39:09,890 - INFO - Initializing models...
2025-05-14 04:39:09,890 - INFO - Initializing TextCleaner...
2025-05-14 04:39:24,052 - INFO - TextCleaner initialized successfully.
2025-05-14 04:39:24,052 - INFO - Loading TF-IDF Vectorizer...
2025-05-14 04:39:29,300 - INFO - TF-IDF Vectorizer loaded from: D:\DUT_ITF\Semester_8th\xu_ly_ngon_ngu_tu_nhien\code\news_classification\models\tfidf_vectorizer.joblib
2025-05-14 04:39:29,300 - INFO - Loading Naive Bayes model...
2025-05-14 04:39:29,307 - INFO - Naive Bayes model loaded from: D:\DUT_ITF\Semester_8th\xu_ly_ngon_ngu_tu_nhien\code\news_classification\models\naive_bayes_model.joblib
2025-05-14 04:39:29,307 - INFO - Loading Logistic Regression model...
2025-05-14 04:39:29,535 - INFO - Logistic Regression model loaded from: D:\DUT_ITF\Semester_8th\xu_ly_ngon_ngu_tu_nhien\code\news_classification\models\logistic_regression_model.joblib
2025-05-14 04:39:29,536 - INFO - Loading tokenizer...
2025-05-14 04:39:29,580 - INFO - Tokenizer loaded from: D:\DUT_ITF\Semester_8th\xu_ly_ngon_ngu_tu_nhien\code\news_classification\models\tokenizer.pkl
2025-05-14 04:39:29,580 - INFO - Loading label encoder...
2025-05-14 04:39:29,582 - INFO - Label encoder loaded from: D:\DUT_ITF\Semester_8th\xu_ly_ngon_ngu_tu_nhien\code\news_classification\models\label_encoder.pkl
2025-05-14 04:39:29,582 - INFO - Loading max_len...
2025-05-14 04:39:29,583 - INFO - Max length loaded: 200 from D:\DUT_ITF\Semester_8th\xu_ly_ngon_ngu_tu_nhien\code\news_classification\models\max_len.pkl
2025-05-14 04:39:29,583 - INFO - Loading BiGRU model...
2025-05-14 04:39:30,809 - INFO - BiGRU model loaded from: D:\DUT_ITF\Semester_8th\xu_ly_ngon_ngu_tu_nhien\code\news_classification\models\bigru_model.keras
2025-05-14 04:39:30,809 - INFO - Loading BiLSTM model...
2025-05-14 04:39:31,284 - INFO - BiLSTM model loaded from: D:\DUT_ITF\Semester_8th\xu_ly_ngon_ngu_tu_nhien\code\news_classification\models\bilstm_model.keras
2025-05-14 04:39:31,286 - INFO - Model initialization complete.
2025-05-14 04:39:31,286 - INFO - ModelManager initialized successfully.
2025-05-14 04:39:31,287 - INFO - Flask application created, starting server...
2025-05-14 04:39:31,299 - INFO - [31m[1mWARNING: This is a development server. Do not use it in a production deployment. Use a production WSGI server instead.[0m
 * Running on http://127.0.0.1:5000
2025-05-14 04:39:31,299 - INFO - [33mPress CTRL+C to quit[0m
2025-05-14 04:39:36,079 - INFO - Index page accessed
2025-05-14 04:39:36,084 - INFO - 127.0.0.1 - - [14/May/2025 04:39:36] "GET / HTTP/1.1" 200 -
2025-05-14 04:39:36,142 - INFO - 127.0.0.1 - - [14/May/2025 04:39:36] "[33mGET /.well-known/appspecific/com.chrome.devtools.json HTTP/1.1[0m" 404 -
2025-05-14 04:39:36,273 - INFO - 127.0.0.1 - - [14/May/2025 04:39:36] "[36mGET /static/js/main.js HTTP/1.1[0m" 304 -
2025-05-14 04:39:36,276 - INFO - 127.0.0.1 - - [14/May/2025 04:39:36] "[36mGET /static/css/style.css HTTP/1.1[0m" 304 -
2025-05-14 04:39:50,506 - INFO - [49b38a36] Classification request received
2025-05-14 04:39:50,508 - INFO - [49b38a36] Model type: logistic_regression_model
2025-05-14 04:39:50,508 - INFO - [49b38a36] Title length: 55 characters
2025-05-14 04:39:50,508 - INFO - [49b38a36] Description length: 144 characters
2025-05-14 04:39:50,508 - INFO - [49b38a36] Content length: 902 characters
2025-05-14 04:39:50,509 - INFO - [49b38a36] Using machine learning model: logistic_regression_model
2025-05-14 04:39:50,509 - INFO - Starting prediction with logistic_regression_model...
2025-05-14 04:39:50,509 - INFO - Input title: Pakistan công bố thương vong trong giao tranh với ...
2025-05-14 04:39:50,509 - INFO - Cleaning input text...
2025-05-14 04:39:50,875 - INFO - Text cleaned successfully. Combined length: 704 characters
2025-05-14 04:39:50,876 - INFO - Using Logistic Regression model for prediction
2025-05-14 04:39:50,878 - INFO - Text vectorized successfully. Shape: (1, 5000)
2025-05-14 04:39:50,879 - INFO - Prediction result: Quân sự
2025-05-14 04:39:50,880 - INFO - Top 5 predictions:
2025-05-14 04:39:50,880 - INFO -   1. Quân sự: 0.7203
2025-05-14 04:39:50,880 - INFO -   2. Người Việt 5 châu: 0.0212
2025-05-14 04:39:50,880 - INFO -   3. Chuyển đổi số: 0.0148
2025-05-14 04:39:50,880 - INFO -   4. Thế giới tự nhiên: 0.0133
2025-05-14 04:39:50,882 - INFO -   5. Tin tức sức khoẻ: 0.0127
2025-05-14 04:39:50,882 - INFO - Prediction completed in 0.37 seconds
2025-05-14 04:39:50,882 - INFO - [49b38a36] Classification successful. Predicted topic: Quân sự
2025-05-14 04:39:50,882 - INFO - [49b38a36] Classification completed with model: Logistic Regression
2025-05-14 04:39:50,883 - INFO - 127.0.0.1 - - [14/May/2025 04:39:50] "POST /classify HTTP/1.1" 200 -
2025-05-14 04:40:01,773 - INFO - [60dd3b3d] Classification request received
2025-05-14 04:40:01,776 - INFO - [60dd3b3d] Model type: logistic_regression_model
2025-05-14 04:40:01,777 - INFO - [60dd3b3d] Title length: 55 characters
2025-05-14 04:40:01,777 - INFO - [60dd3b3d] Description length: 144 characters
2025-05-14 04:40:01,777 - INFO - [60dd3b3d] Content length: 902 characters
2025-05-14 04:40:01,777 - INFO - [60dd3b3d] Using machine learning model: logistic_regression_model
2025-05-14 04:40:01,778 - INFO - Starting prediction with logistic_regression_model...
2025-05-14 04:40:01,778 - INFO - Input title: Pakistan công bố thương vong trong giao tranh với ...
2025-05-14 04:40:01,778 - INFO - Cleaning input text...
2025-05-14 04:40:01,884 - INFO - Text cleaned successfully. Combined length: 704 characters
2025-05-14 04:40:01,884 - INFO - Using Logistic Regression model for prediction
2025-05-14 04:40:01,887 - INFO - Text vectorized successfully. Shape: (1, 5000)
2025-05-14 04:40:01,888 - INFO - Prediction result: Quân sự
2025-05-14 04:40:01,889 - INFO - Top 5 predictions:
2025-05-14 04:40:01,889 - INFO -   1. Quân sự: 0.7203
2025-05-14 04:40:01,889 - INFO -   2. Người Việt 5 châu: 0.0212
2025-05-14 04:40:01,890 - INFO -   3. Chuyển đổi số: 0.0148
2025-05-14 04:40:01,890 - INFO -   4. Thế giới tự nhiên: 0.0133
2025-05-14 04:40:01,890 - INFO -   5. Tin tức sức khoẻ: 0.0127
2025-05-14 04:40:01,890 - INFO - Prediction completed in 0.11 seconds
2025-05-14 04:40:01,890 - INFO - [60dd3b3d] Classification successful. Predicted topic: Quân sự
2025-05-14 04:40:01,891 - INFO - [60dd3b3d] Classification completed with model: Logistic Regression
2025-05-14 04:40:01,891 - INFO - 127.0.0.1 - - [14/May/2025 04:40:01] "POST /classify HTTP/1.1" 200 -
2025-05-14 04:40:06,235 - INFO - [9672b6ae] Classification request received
2025-05-14 04:40:06,236 - INFO - [9672b6ae] Model type: naive_bayes_model
2025-05-14 04:40:06,237 - INFO - [9672b6ae] Title length: 55 characters
2025-05-14 04:40:06,237 - INFO - [9672b6ae] Description length: 144 characters
2025-05-14 04:40:06,237 - INFO - [9672b6ae] Content length: 902 characters
2025-05-14 04:40:06,237 - INFO - [9672b6ae] Using machine learning model: naive_bayes_model
2025-05-14 04:40:06,237 - INFO - Starting prediction with naive_bayes_model...
2025-05-14 04:40:06,237 - INFO - Input title: Pakistan công bố thương vong trong giao tranh với ...
2025-05-14 04:40:06,237 - INFO - Cleaning input text...
2025-05-14 04:40:06,296 - INFO - Text cleaned successfully. Combined length: 704 characters
2025-05-14 04:40:06,297 - INFO - Using Naive Bayes model for prediction
2025-05-14 04:40:06,298 - INFO - Text vectorized successfully. Shape: (1, 5000)
2025-05-14 04:40:06,299 - INFO - Prediction result: Quân sự
2025-05-14 04:40:06,302 - INFO - Top 5 predictions:
2025-05-14 04:40:06,302 - INFO -   1. Quân sự: 0.9503
2025-05-14 04:40:06,302 - INFO -   2. Người Việt 5 châu: 0.0098
2025-05-14 04:40:06,303 - INFO -   3. Kinh doanh quốc tế: 0.0036
2025-05-14 04:40:06,303 - INFO -   4. Vũ trụ: 0.0021
2025-05-14 04:40:06,303 - INFO -   5. Chuyển đổi số: 0.0021
2025-05-14 04:40:06,303 - INFO - Prediction completed in 0.07 seconds
2025-05-14 04:40:06,304 - INFO - [9672b6ae] Classification successful. Predicted topic: Quân sự
2025-05-14 04:40:06,304 - INFO - [9672b6ae] Classification completed with model: Naive Bayes
2025-05-14 04:40:06,304 - INFO - 127.0.0.1 - - [14/May/2025 04:40:06] "POST /classify HTTP/1.1" 200 -
2025-05-14 04:40:11,023 - INFO - [298c6810] Classification request received
2025-05-14 04:40:11,024 - INFO - [298c6810] Model type: bigru_model
2025-05-14 04:40:11,024 - INFO - [298c6810] Title length: 55 characters
2025-05-14 04:40:11,024 - INFO - [298c6810] Description length: 144 characters
2025-05-14 04:40:11,025 - INFO - [298c6810] Content length: 902 characters
2025-05-14 04:40:11,025 - INFO - [298c6810] Using deep learning model: bigru_model
2025-05-14 04:40:11,025 - INFO - Starting prediction with bigru_model...
2025-05-14 04:40:11,025 - INFO - Input title: Pakistan công bố thương vong trong giao tranh với ...
2025-05-14 04:40:11,025 - INFO - Cleaning input text...
2025-05-14 04:40:11,077 - INFO - Text cleaned successfully. Combined length: 704 characters
2025-05-14 04:40:11,078 - INFO - Using BiGRU model for prediction
2025-05-14 04:40:11,078 - INFO - Text tokenized and padded successfully. Shape: (1, 200)
2025-05-14 04:40:16,718 - INFO - Prediction result: Quân sự with accuracy: 0.9770
2025-05-14 04:40:16,718 - INFO - Top 5 predictions:
2025-05-14 04:40:16,719 - INFO -   1. Quân sự: 0.9770
2025-05-14 04:40:16,719 - INFO -   2. Chính trị: 0.0067
2025-05-14 04:40:16,720 - INFO -   3. Du học: 0.0051
2025-05-14 04:40:16,720 - INFO -   4. Thị trường xe: 0.0037
2025-05-14 04:40:16,720 - INFO -   5. Giải trí nhạc: 0.0018
2025-05-14 04:40:16,720 - INFO - Prediction completed in 5.70 seconds
2025-05-14 04:40:16,720 - INFO - [298c6810] Classification successful. Predicted topic: Quân sự
2025-05-14 04:40:16,720 - INFO - [298c6810] Classification completed with model: BiGRU
2025-05-14 04:40:16,721 - INFO - 127.0.0.1 - - [14/May/2025 04:40:16] "POST /classify HTTP/1.1" 200 -
2025-05-14 04:41:32,052 - INFO - Starting Flask application...
2025-05-14 04:41:32,053 - INFO - Initializing ModelManager...
2025-05-14 04:41:32,054 - INFO - Initializing models...
2025-05-14 04:41:32,054 - INFO - Initializing TextCleaner...
2025-05-14 04:41:47,117 - INFO - TextCleaner initialized successfully.
2025-05-14 04:41:47,117 - INFO - Loading TF-IDF Vectorizer...
2025-05-14 04:41:51,805 - INFO - TF-IDF Vectorizer loaded from: D:\DUT_ITF\Semester_8th\xu_ly_ngon_ngu_tu_nhien\code\news_classification\models\tfidf_vectorizer.joblib
2025-05-14 04:41:51,806 - INFO - Loading Naive Bayes model...
2025-05-14 04:41:51,812 - INFO - Naive Bayes model loaded from: D:\DUT_ITF\Semester_8th\xu_ly_ngon_ngu_tu_nhien\code\news_classification\models\naive_bayes_model.joblib
2025-05-14 04:41:51,813 - INFO - Loading Logistic Regression model...
2025-05-14 04:41:52,034 - INFO - Logistic Regression model loaded from: D:\DUT_ITF\Semester_8th\xu_ly_ngon_ngu_tu_nhien\code\news_classification\models\logistic_regression_model.joblib
2025-05-14 04:41:52,034 - INFO - Loading tokenizer...
2025-05-14 04:41:52,099 - INFO - Tokenizer loaded from: D:\DUT_ITF\Semester_8th\xu_ly_ngon_ngu_tu_nhien\code\news_classification\models\tokenizer.pkl
2025-05-14 04:41:52,100 - INFO - Loading label encoder...
2025-05-14 04:41:52,101 - INFO - Label encoder loaded from: D:\DUT_ITF\Semester_8th\xu_ly_ngon_ngu_tu_nhien\code\news_classification\models\label_encoder.pkl
2025-05-14 04:41:52,101 - INFO - Loading max_len...
2025-05-14 04:41:52,102 - INFO - Max length loaded: 200 from D:\DUT_ITF\Semester_8th\xu_ly_ngon_ngu_tu_nhien\code\news_classification\models\max_len.pkl
2025-05-14 04:41:52,102 - INFO - Loading BiGRU model...
2025-05-14 04:41:53,250 - INFO - BiGRU model loaded from: D:\DUT_ITF\Semester_8th\xu_ly_ngon_ngu_tu_nhien\code\news_classification\models\bigru_model.keras
2025-05-14 04:41:53,252 - INFO - Loading BiLSTM model...
2025-05-14 04:41:53,702 - INFO - BiLSTM model loaded from: D:\DUT_ITF\Semester_8th\xu_ly_ngon_ngu_tu_nhien\code\news_classification\models\bilstm_model.keras
2025-05-14 04:41:53,702 - INFO - Model initialization complete.
2025-05-14 04:41:53,702 - INFO - ModelManager initialized successfully.
2025-05-14 04:41:53,703 - INFO - Flask application created, starting server...
2025-05-14 04:41:53,717 - INFO - [31m[1mWARNING: This is a development server. Do not use it in a production deployment. Use a production WSGI server instead.[0m
 * Running on http://127.0.0.1:5000
2025-05-14 04:41:53,718 - INFO - [33mPress CTRL+C to quit[0m
2025-05-14 04:41:54,597 - INFO - Index page accessed
2025-05-14 04:41:54,603 - INFO - 127.0.0.1 - - [14/May/2025 04:41:54] "GET / HTTP/1.1" 200 -
2025-05-14 04:41:54,657 - INFO - 127.0.0.1 - - [14/May/2025 04:41:54] "[33mGET /.well-known/appspecific/com.chrome.devtools.json HTTP/1.1[0m" 404 -
2025-05-14 04:41:54,770 - INFO - 127.0.0.1 - - [14/May/2025 04:41:54] "[36mGET /static/js/main.js HTTP/1.1[0m" 304 -
2025-05-14 04:41:54,770 - INFO - 127.0.0.1 - - [14/May/2025 04:41:54] "[36mGET /static/css/style.css HTTP/1.1[0m" 304 -
2025-05-14 04:42:09,620 - INFO - [625699ee] Classification request received
2025-05-14 04:42:09,622 - INFO - [625699ee] Model type: logistic_regression_model
2025-05-14 04:42:09,623 - INFO - [625699ee] Title length: 55 characters
2025-05-14 04:42:09,623 - INFO - [625699ee] Description length: 144 characters
2025-05-14 04:42:09,623 - INFO - [625699ee] Content length: 902 characters
2025-05-14 04:42:09,623 - INFO - [625699ee] Using machine learning model: logistic_regression_model
2025-05-14 04:42:09,623 - INFO - Starting prediction with logistic_regression_model...
2025-05-14 04:42:09,625 - INFO - Input title: Pakistan công bố thương vong trong giao tranh với ...
2025-05-14 04:42:09,625 - INFO - Cleaning input text...
2025-05-14 04:42:09,967 - INFO - Text cleaned successfully. Combined length: 704 characters
2025-05-14 04:42:09,968 - INFO - Using Logistic Regression model for prediction
2025-05-14 04:42:09,970 - INFO - Text vectorized successfully. Shape: (1, 5000)
2025-05-14 04:42:09,972 - INFO - Prediction result: Quân sự
2025-05-14 04:42:09,973 - INFO - Top 5 predictions:
2025-05-14 04:42:09,973 - INFO -   1. Quân sự: 0.7203
2025-05-14 04:42:09,974 - INFO -   2. Người Việt 5 châu: 0.0212
2025-05-14 04:42:09,974 - INFO -   3. Chuyển đổi số: 0.0148
2025-05-14 04:42:09,974 - INFO -   4. Thế giới tự nhiên: 0.0133
2025-05-14 04:42:09,974 - INFO -   5. Tin tức sức khoẻ: 0.0127
2025-05-14 04:42:09,974 - INFO - Prediction completed in 0.35 seconds
2025-05-14 04:42:09,975 - INFO - [625699ee] Classification successful. Predicted topic: Quân sự
2025-05-14 04:42:09,975 - INFO - [625699ee] Classification completed with model: Logistic Regression
2025-05-14 04:42:09,977 - INFO - 127.0.0.1 - - [14/May/2025 04:42:09] "POST /classify HTTP/1.1" 200 -
2025-05-14 04:44:04,252 - INFO - Starting Flask application...
2025-05-14 04:44:04,253 - INFO - Initializing ModelManager...
2025-05-14 04:44:04,254 - INFO - Initializing models...
2025-05-14 04:44:04,254 - INFO - Initializing TextCleaner...
2025-05-14 04:44:17,774 - INFO - TextCleaner initialized successfully.
2025-05-14 04:44:17,775 - INFO - Loading TF-IDF Vectorizer...
2025-05-14 04:44:22,023 - INFO - TF-IDF Vectorizer loaded from: D:\DUT_ITF\Semester_8th\xu_ly_ngon_ngu_tu_nhien\code\news_classification\models\tfidf_vectorizer.joblib
2025-05-14 04:44:22,024 - INFO - Loading Naive Bayes model...
2025-05-14 04:44:22,032 - INFO - Naive Bayes model loaded from: D:\DUT_ITF\Semester_8th\xu_ly_ngon_ngu_tu_nhien\code\news_classification\models\naive_bayes_model.joblib
2025-05-14 04:44:22,032 - INFO - Loading Logistic Regression model...
2025-05-14 04:44:22,185 - INFO - Logistic Regression model loaded from: D:\DUT_ITF\Semester_8th\xu_ly_ngon_ngu_tu_nhien\code\news_classification\models\logistic_regression_model.joblib
2025-05-14 04:44:22,185 - INFO - Loading tokenizer...
2025-05-14 04:44:22,218 - INFO - Tokenizer loaded from: D:\DUT_ITF\Semester_8th\xu_ly_ngon_ngu_tu_nhien\code\news_classification\models\tokenizer.pkl
2025-05-14 04:44:22,218 - INFO - Loading label encoder...
2025-05-14 04:44:22,219 - INFO - Label encoder loaded from: D:\DUT_ITF\Semester_8th\xu_ly_ngon_ngu_tu_nhien\code\news_classification\models\label_encoder.pkl
2025-05-14 04:44:22,219 - INFO - Loading max_len...
2025-05-14 04:44:22,219 - INFO - Max length loaded: 200 from D:\DUT_ITF\Semester_8th\xu_ly_ngon_ngu_tu_nhien\code\news_classification\models\max_len.pkl
2025-05-14 04:44:22,220 - INFO - Loading BiGRU model...
2025-05-14 04:44:23,270 - INFO - BiGRU model loaded from: D:\DUT_ITF\Semester_8th\xu_ly_ngon_ngu_tu_nhien\code\news_classification\models\bigru_model.keras
2025-05-14 04:44:23,270 - INFO - Loading BiLSTM model...
2025-05-14 04:44:23,700 - INFO - BiLSTM model loaded from: D:\DUT_ITF\Semester_8th\xu_ly_ngon_ngu_tu_nhien\code\news_classification\models\bilstm_model.keras
2025-05-14 04:44:23,700 - INFO - Model initialization complete.
2025-05-14 04:44:23,700 - INFO - ModelManager initialized successfully.
2025-05-14 04:44:23,702 - INFO - Flask application created, starting server...
2025-05-14 04:44:23,708 - INFO - [31m[1mWARNING: This is a development server. Do not use it in a production deployment. Use a production WSGI server instead.[0m
 * Running on http://127.0.0.1:5000
2025-05-14 04:44:23,708 - INFO - [33mPress CTRL+C to quit[0m
2025-05-14 04:44:26,066 - INFO - Index page accessed
2025-05-14 04:44:26,072 - INFO - 127.0.0.1 - - [14/May/2025 04:44:26] "GET / HTTP/1.1" 200 -
2025-05-14 04:44:26,140 - INFO - 127.0.0.1 - - [14/May/2025 04:44:26] "[33mGET /.well-known/appspecific/com.chrome.devtools.json HTTP/1.1[0m" 404 -
2025-05-14 04:44:26,259 - INFO - 127.0.0.1 - - [14/May/2025 04:44:26] "[36mGET /static/js/main.js HTTP/1.1[0m" 304 -
2025-05-14 04:44:26,260 - INFO - 127.0.0.1 - - [14/May/2025 04:44:26] "[36mGET /static/css/style.css HTTP/1.1[0m" 304 -
2025-05-14 04:44:45,159 - INFO - [8fe24e26] Classification request received
2025-05-14 04:44:45,161 - INFO - [8fe24e26] Model type: logistic_regression_model
2025-05-14 04:44:45,161 - INFO - [8fe24e26] Title length: 55 characters
2025-05-14 04:44:45,162 - INFO - [8fe24e26] Description length: 144 characters
2025-05-14 04:44:45,162 - INFO - [8fe24e26] Content length: 902 characters
2025-05-14 04:44:45,162 - INFO - [8fe24e26] Using machine learning model: logistic_regression_model
2025-05-14 04:44:45,162 - INFO - Starting prediction with logistic_regression_model...
2025-05-14 04:44:45,162 - INFO - Input title: Pakistan công bố thương vong trong giao tranh với ...
2025-05-14 04:44:45,163 - INFO - Cleaning input text...
2025-05-14 04:44:45,506 - INFO - Text cleaned successfully. Combined length: 704 characters
2025-05-14 04:44:45,507 - INFO - Using Logistic Regression model for prediction
2025-05-14 04:44:45,509 - INFO - Text vectorized successfully. Shape: (1, 5000)
2025-05-14 04:44:45,510 - INFO - Prediction result: Quân sự
2025-05-14 04:44:45,510 - INFO - Top 5 predictions:
2025-05-14 04:44:45,510 - INFO -   1. Quân sự: 0.7203
2025-05-14 04:44:45,512 - INFO -   2. Người Việt 5 châu: 0.0212
2025-05-14 04:44:45,512 - INFO -   3. Chuyển đổi số: 0.0148
2025-05-14 04:44:45,513 - INFO -   4. Thế giới tự nhiên: 0.0133
2025-05-14 04:44:45,513 - INFO -   5. Tin tức sức khoẻ: 0.0127
2025-05-14 04:44:45,513 - INFO - Prediction completed in 0.35 seconds
2025-05-14 04:44:45,513 - INFO - [8fe24e26] Classification successful. Predicted topic: Quân sự
2025-05-14 04:44:45,514 - INFO - [8fe24e26] Classification completed with model: Logistic Regression
2025-05-14 04:44:45,514 - INFO - 127.0.0.1 - - [14/May/2025 04:44:45] "POST /classify HTTP/1.1" 200 -
2025-05-14 04:44:55,397 - INFO - [2edaaafd] Classification request received
2025-05-14 04:44:55,399 - INFO - [2edaaafd] Model type: bigru_model
2025-05-14 04:44:55,399 - INFO - [2edaaafd] Title length: 55 characters
2025-05-14 04:44:55,399 - INFO - [2edaaafd] Description length: 144 characters
2025-05-14 04:44:55,399 - INFO - [2edaaafd] Content length: 902 characters
2025-05-14 04:44:55,399 - INFO - [2edaaafd] Using deep learning model: bigru_model
2025-05-14 04:44:55,400 - INFO - Starting prediction with bigru_model...
2025-05-14 04:44:55,400 - INFO - Input title: Pakistan công bố thương vong trong giao tranh với ...
2025-05-14 04:44:55,400 - INFO - Cleaning input text...
2025-05-14 04:44:55,472 - INFO - Text cleaned successfully. Combined length: 704 characters
2025-05-14 04:44:55,472 - INFO - Using BiGRU model for prediction
2025-05-14 04:44:55,473 - INFO - Text tokenized and padded successfully. Shape: (1, 200)
2025-05-14 04:44:58,322 - INFO - Prediction result: Quân sự with accuracy: 0.9770
2025-05-14 04:44:58,322 - INFO - Top 5 predictions:
2025-05-14 04:44:58,322 - INFO -   1. Quân sự: 0.9770
2025-05-14 04:44:58,322 - INFO -   2. Chính trị: 0.0067
2025-05-14 04:44:58,322 - INFO -   3. Du học: 0.0051
2025-05-14 04:44:58,322 - INFO -   4. Thị trường xe: 0.0037
2025-05-14 04:44:58,322 - INFO -   5. Giải trí nhạc: 0.0018
2025-05-14 04:44:58,323 - INFO - Prediction completed in 2.92 seconds
2025-05-14 04:44:58,323 - INFO - [2edaaafd] Classification successful. Predicted topic: Quân sự
2025-05-14 04:44:58,323 - INFO - [2edaaafd] Classification completed with model: BiGRU
2025-05-14 04:44:58,324 - INFO - 127.0.0.1 - - [14/May/2025 04:44:58] "POST /classify HTTP/1.1" 200 -
2025-05-14 04:45:02,350 - INFO - [fca6e492] Classification request received
2025-05-14 04:45:02,351 - INFO - [fca6e492] Model type: bigru_model
2025-05-14 04:45:02,352 - INFO - [fca6e492] Title length: 55 characters
2025-05-14 04:45:02,352 - INFO - [fca6e492] Description length: 144 characters
2025-05-14 04:45:02,352 - INFO - [fca6e492] Content length: 902 characters
2025-05-14 04:45:02,352 - INFO - [fca6e492] Using deep learning model: bigru_model
2025-05-14 04:45:02,352 - INFO - Starting prediction with bigru_model...
2025-05-14 04:45:02,352 - INFO - Input title: Pakistan công bố thương vong trong giao tranh với ...
2025-05-14 04:45:02,353 - INFO - Cleaning input text...
2025-05-14 04:45:02,413 - INFO - Text cleaned successfully. Combined length: 704 characters
2025-05-14 04:45:02,414 - INFO - Using BiGRU model for prediction
2025-05-14 04:45:02,414 - INFO - Text tokenized and padded successfully. Shape: (1, 200)
2025-05-14 04:45:02,496 - INFO - Prediction result: Quân sự with accuracy: 0.9770
2025-05-14 04:45:02,496 - INFO - Top 5 predictions:
2025-05-14 04:45:02,496 - INFO -   1. Quân sự: 0.9770
2025-05-14 04:45:02,496 - INFO -   2. Chính trị: 0.0067
2025-05-14 04:45:02,497 - INFO -   3. Du học: 0.0051
2025-05-14 04:45:02,497 - INFO -   4. Thị trường xe: 0.0037
2025-05-14 04:45:02,497 - INFO -   5. Giải trí nhạc: 0.0018
2025-05-14 04:45:02,497 - INFO - Prediction completed in 0.15 seconds
2025-05-14 04:45:02,497 - INFO - [fca6e492] Classification successful. Predicted topic: Quân sự
2025-05-14 04:45:02,497 - INFO - [fca6e492] Classification completed with model: BiGRU
2025-05-14 04:45:02,498 - INFO - 127.0.0.1 - - [14/May/2025 04:45:02] "POST /classify HTTP/1.1" 200 -
2025-05-14 04:45:06,760 - INFO - [4df696fe] Classification request received
2025-05-14 04:45:06,760 - INFO - [4df696fe] Model type: bilstm_model
2025-05-14 04:45:06,762 - INFO - [4df696fe] Title length: 55 characters
2025-05-14 04:45:06,762 - INFO - [4df696fe] Description length: 144 characters
2025-05-14 04:45:06,762 - INFO - [4df696fe] Content length: 902 characters
2025-05-14 04:45:06,762 - INFO - [4df696fe] Using deep learning model: bilstm_model
2025-05-14 04:45:06,762 - INFO - Starting prediction with bilstm_model...
2025-05-14 04:45:06,762 - INFO - Input title: Pakistan công bố thương vong trong giao tranh với ...
2025-05-14 04:45:06,762 - INFO - Cleaning input text...
2025-05-14 04:45:06,815 - INFO - Text cleaned successfully. Combined length: 704 characters
2025-05-14 04:45:06,815 - INFO - Using BiLSTM model for prediction
2025-05-14 04:45:06,815 - INFO - Text tokenized and padded successfully. Shape: (1, 200)
2025-05-14 04:45:07,376 - INFO - Prediction result: Quân sự with accuracy: 0.8060
2025-05-14 04:45:07,376 - INFO - Top 5 predictions:
2025-05-14 04:45:07,377 - INFO -   1. Quân sự: 0.8060
2025-05-14 04:45:07,377 - INFO -   2. Du học: 0.0889
2025-05-14 04:45:07,377 - INFO -   3. Người Việt 5 châu: 0.0610
2025-05-14 04:45:07,377 - INFO -   4. Thị trường xe: 0.0116
2025-05-14 04:45:07,377 - INFO -   5. Nhịp sống: 0.0111
2025-05-14 04:45:07,377 - INFO - Prediction completed in 0.62 seconds
2025-05-14 04:45:07,378 - INFO - [4df696fe] Classification successful. Predicted topic: Quân sự
2025-05-14 04:45:07,378 - INFO - [4df696fe] Classification completed with model: BiLSTM
2025-05-14 04:45:07,378 - INFO - 127.0.0.1 - - [14/May/2025 04:45:07] "POST /classify HTTP/1.1" 200 -
2025-05-14 04:46:37,700 - INFO - Starting Flask application...
2025-05-14 04:46:37,702 - INFO - Initializing ModelManager...
2025-05-14 04:46:37,703 - INFO - Initializing models...
2025-05-14 04:46:37,703 - INFO - Initializing TextCleaner...
2025-05-14 04:46:53,319 - INFO - TextCleaner initialized successfully.
2025-05-14 04:46:53,319 - INFO - Loading TF-IDF Vectorizer...
2025-05-14 04:46:57,464 - INFO - TF-IDF Vectorizer loaded from: D:\DUT_ITF\Semester_8th\xu_ly_ngon_ngu_tu_nhien\code\news_classification\models\tfidf_vectorizer.joblib
2025-05-14 04:46:57,464 - INFO - Loading Naive Bayes model...
2025-05-14 04:46:57,470 - INFO - Naive Bayes model loaded from: D:\DUT_ITF\Semester_8th\xu_ly_ngon_ngu_tu_nhien\code\news_classification\models\naive_bayes_model.joblib
2025-05-14 04:46:57,470 - INFO - Loading Logistic Regression model...
2025-05-14 04:46:57,618 - INFO - Logistic Regression model loaded from: D:\DUT_ITF\Semester_8th\xu_ly_ngon_ngu_tu_nhien\code\news_classification\models\logistic_regression_model.joblib
2025-05-14 04:46:57,618 - INFO - Loading tokenizer...
2025-05-14 04:46:57,650 - INFO - Tokenizer loaded from: D:\DUT_ITF\Semester_8th\xu_ly_ngon_ngu_tu_nhien\code\news_classification\models\tokenizer.pkl
2025-05-14 04:46:57,652 - INFO - Loading label encoder...
2025-05-14 04:46:57,653 - INFO - Label encoder loaded from: D:\DUT_ITF\Semester_8th\xu_ly_ngon_ngu_tu_nhien\code\news_classification\models\label_encoder.pkl
2025-05-14 04:46:57,653 - INFO - Loading max_len...
2025-05-14 04:46:57,654 - INFO - Max length loaded: 200 from D:\DUT_ITF\Semester_8th\xu_ly_ngon_ngu_tu_nhien\code\news_classification\models\max_len.pkl
2025-05-14 04:46:57,654 - INFO - Loading BiGRU model...
2025-05-14 04:46:58,764 - INFO - BiGRU model loaded from: D:\DUT_ITF\Semester_8th\xu_ly_ngon_ngu_tu_nhien\code\news_classification\models\bigru_model.keras
2025-05-14 04:46:58,765 - INFO - Loading BiLSTM model...
2025-05-14 04:46:59,183 - INFO - BiLSTM model loaded from: D:\DUT_ITF\Semester_8th\xu_ly_ngon_ngu_tu_nhien\code\news_classification\models\bilstm_model.keras
2025-05-14 04:46:59,183 - INFO - Model initialization complete.
2025-05-14 04:46:59,183 - INFO - ModelManager initialized successfully.
2025-05-14 04:46:59,184 - INFO - Flask application created, starting server...
2025-05-14 04:46:59,190 - INFO - [31m[1mWARNING: This is a development server. Do not use it in a production deployment. Use a production WSGI server instead.[0m
 * Running on http://127.0.0.1:5000
2025-05-14 04:46:59,192 - INFO - [33mPress CTRL+C to quit[0m
2025-05-14 04:47:00,733 - INFO - Index page accessed
2025-05-14 04:47:00,738 - INFO - 127.0.0.1 - - [14/May/2025 04:47:00] "GET / HTTP/1.1" 200 -
2025-05-14 04:47:00,967 - INFO - 127.0.0.1 - - [14/May/2025 04:47:00] "GET /static/css/style.css HTTP/1.1" 200 -
2025-05-14 04:47:00,976 - INFO - 127.0.0.1 - - [14/May/2025 04:47:00] "GET /static/js/main.js HTTP/1.1" 200 -
2025-05-14 04:47:17,098 - INFO - [2f8b191c] Classification request received
2025-05-14 04:47:17,099 - INFO - [2f8b191c] Model type: logistic_regression_model
2025-05-14 04:47:17,099 - INFO - [2f8b191c] Title length: 55 characters
2025-05-14 04:47:17,100 - INFO - [2f8b191c] Description length: 144 characters
2025-05-14 04:47:17,100 - INFO - [2f8b191c] Content length: 902 characters
2025-05-14 04:47:17,100 - INFO - [2f8b191c] Using machine learning model: logistic_regression_model
2025-05-14 04:47:17,100 - INFO - Starting prediction with logistic_regression_model...
2025-05-14 04:47:17,100 - INFO - Input title: Pakistan công bố thương vong trong giao tranh với ...
2025-05-14 04:47:17,100 - INFO - Cleaning input text...
2025-05-14 04:47:17,435 - INFO - Text cleaned successfully. Combined length: 704 characters
2025-05-14 04:47:17,435 - INFO - Using Logistic Regression model for prediction
2025-05-14 04:47:17,437 - INFO - Text vectorized successfully. Shape: (1, 5000)
2025-05-14 04:47:17,438 - INFO - Prediction result: Quân sự
2025-05-14 04:47:17,438 - INFO - Top 5 predictions:
2025-05-14 04:47:17,439 - INFO -   1. Quân sự: 0.7203
2025-05-14 04:47:17,439 - INFO -   2. Người Việt 5 châu: 0.0212
2025-05-14 04:47:17,439 - INFO -   3. Chuyển đổi số: 0.0148
2025-05-14 04:47:17,439 - INFO -   4. Thế giới tự nhiên: 0.0133
2025-05-14 04:47:17,439 - INFO -   5. Tin tức sức khoẻ: 0.0127
2025-05-14 04:47:17,440 - INFO - Prediction completed in 0.34 seconds
2025-05-14 04:47:17,440 - INFO - [2f8b191c] Classification successful. Predicted topic: Quân sự
2025-05-14 04:47:17,441 - INFO - [2f8b191c] Classification completed with model: Logistic Regression
2025-05-14 04:47:17,441 - INFO - 127.0.0.1 - - [14/May/2025 04:47:17] "POST /classify HTTP/1.1" 200 -
2025-05-14 04:47:47,078 - INFO - Index page accessed
2025-05-14 04:47:47,079 - INFO - 127.0.0.1 - - [14/May/2025 04:47:47] "GET / HTTP/1.1" 200 -
2025-05-14 04:47:47,224 - INFO - 127.0.0.1 - - [14/May/2025 04:47:47] "GET /static/css/style.css HTTP/1.1" 200 -
2025-05-14 04:47:47,225 - INFO - 127.0.0.1 - - [14/May/2025 04:47:47] "GET /static/js/main.js HTTP/1.1" 200 -
2025-05-14 04:47:48,377 - INFO - 127.0.0.1 - - [14/May/2025 04:47:48] "[33mGET /favicon.ico HTTP/1.1[0m" 404 -
2025-05-14 04:47:57,135 - INFO - [7d76b0ac] Classification request received
2025-05-14 04:47:57,137 - INFO - [7d76b0ac] Model type: logistic_regression_model
2025-05-14 04:47:57,137 - INFO - [7d76b0ac] Title length: 3 characters
2025-05-14 04:47:57,137 - INFO - [7d76b0ac] Description length: 3 characters
2025-05-14 04:47:57,137 - INFO - [7d76b0ac] Content length: 3 characters
2025-05-14 04:47:57,137 - INFO - [7d76b0ac] Using machine learning model: logistic_regression_model
2025-05-14 04:47:57,138 - INFO - Starting prediction with logistic_regression_model...
2025-05-14 04:47:57,138 - INFO - Input title: Alo
2025-05-14 04:47:57,138 - INFO - Cleaning input text...
2025-05-14 04:47:57,143 - INFO - Text cleaned successfully. Combined length: 11 characters
2025-05-14 04:47:57,144 - INFO - Using Logistic Regression model for prediction
2025-05-14 04:47:57,145 - INFO - Text vectorized successfully. Shape: (1, 5000)
2025-05-14 04:47:57,145 - INFO - Prediction result: Thế giới tự nhiên
2025-05-14 04:47:57,147 - INFO - Top 5 predictions:
2025-05-14 04:47:57,147 - INFO -   1. Thế giới tự nhiên: 0.0526
2025-05-14 04:47:57,147 - INFO -   2. Dân sinh: 0.0486
2025-05-14 04:47:57,147 - INFO -   3. Sống khoẻ: 0.0482
2025-05-14 04:47:57,147 - INFO -   4. Chuyển đổi số: 0.0396
2025-05-14 04:47:57,147 - INFO -   5. Người Việt 5 châu: 0.0394
2025-05-14 04:47:57,147 - INFO - Prediction completed in 0.01 seconds
2025-05-14 04:47:57,148 - INFO - [7d76b0ac] Classification successful. Predicted topic: Thế giới tự nhiên
2025-05-14 04:47:57,148 - INFO - [7d76b0ac] Classification completed with model: Logistic Regression
2025-05-14 04:47:57,148 - INFO - 127.0.0.1 - - [14/May/2025 04:47:57] "POST /classify HTTP/1.1" 200 -
2025-05-14 04:49:29,568 - INFO - [f8c593ed] Classification request received
2025-05-14 04:49:29,569 - INFO - [f8c593ed] Model type: logistic_regression_model
2025-05-14 04:49:29,570 - INFO - [f8c593ed] Title length: 47 characters
2025-05-14 04:49:29,570 - INFO - [f8c593ed] Description length: 145 characters
2025-05-14 04:49:29,570 - INFO - [f8c593ed] Content length: 5871 characters
2025-05-14 04:49:29,570 - INFO - [f8c593ed] Using machine learning model: logistic_regression_model
2025-05-14 04:49:29,570 - INFO - Starting prediction with logistic_regression_model...
2025-05-14 04:49:29,571 - INFO - Input title: Tiến sĩ người Việt trong cuộc đua AI của Google
2025-05-14 04:49:29,571 - INFO - Cleaning input text...
2025-05-14 04:49:29,893 - INFO - Text cleaned successfully. Combined length: 3731 characters
2025-05-14 04:49:29,894 - INFO - Using Logistic Regression model for prediction
2025-05-14 04:49:29,895 - INFO - Text vectorized successfully. Shape: (1, 5000)
2025-05-14 04:49:29,896 - INFO - Prediction result: AI
2025-05-14 04:49:29,896 - INFO - Top 5 predictions:
2025-05-14 04:49:29,896 - INFO -   1. AI: 0.6616
2025-05-14 04:49:29,896 - INFO -   2. Chân dung: 0.1308
2025-05-14 04:49:29,896 - INFO -   3. Tin tức Giáo dục: 0.0418
2025-05-14 04:49:29,897 - INFO -   4. Các môn thể thao khác: 0.0251
2025-05-14 04:49:29,897 - INFO -   5. Giáo dục 4.0: 0.0202
2025-05-14 04:49:29,897 - INFO - Prediction completed in 0.33 seconds
2025-05-14 04:49:29,897 - INFO - [f8c593ed] Classification successful. Predicted topic: AI
2025-05-14 04:49:29,898 - INFO - [f8c593ed] Classification completed with model: Logistic Regression
2025-05-14 04:49:29,898 - INFO - 127.0.0.1 - - [14/May/2025 04:49:29] "POST /classify HTTP/1.1" 200 -
2025-05-14 04:49:43,076 - INFO - [4376f34d] Classification request received
2025-05-14 04:49:43,078 - INFO - [4376f34d] Model type: logistic_regression_model
2025-05-14 04:49:43,078 - INFO - [4376f34d] Title length: 47 characters
2025-05-14 04:49:43,078 - INFO - [4376f34d] Description length: 145 characters
2025-05-14 04:49:43,078 - INFO - [4376f34d] Content length: 5871 characters
2025-05-14 04:49:43,080 - INFO - [4376f34d] Using machine learning model: logistic_regression_model
2025-05-14 04:49:43,080 - INFO - Starting prediction with logistic_regression_model...
2025-05-14 04:49:43,080 - INFO - Input title: Tiến sĩ người Việt trong cuộc đua AI của Google
2025-05-14 04:49:43,080 - INFO - Cleaning input text...
2025-05-14 04:49:43,347 - INFO - Text cleaned successfully. Combined length: 3731 characters
2025-05-14 04:49:43,348 - INFO - Using Logistic Regression model for prediction
2025-05-14 04:49:43,349 - INFO - Text vectorized successfully. Shape: (1, 5000)
2025-05-14 04:49:43,350 - INFO - Prediction result: AI
2025-05-14 04:49:43,351 - INFO - Top 5 predictions:
2025-05-14 04:49:43,352 - INFO -   1. AI: 0.6616
2025-05-14 04:49:43,352 - INFO -   2. Chân dung: 0.1308
2025-05-14 04:49:43,352 - INFO -   3. Tin tức Giáo dục: 0.0418
2025-05-14 04:49:43,352 - INFO -   4. Các môn thể thao khác: 0.0251
2025-05-14 04:49:43,352 - INFO -   5. Giáo dục 4.0: 0.0202
2025-05-14 04:49:43,352 - INFO - Prediction completed in 0.27 seconds
2025-05-14 04:49:43,352 - INFO - [4376f34d] Classification successful. Predicted topic: AI
2025-05-14 04:49:43,353 - INFO - [4376f34d] Classification completed with model: Logistic Regression
2025-05-14 04:49:43,353 - INFO - 127.0.0.1 - - [14/May/2025 04:49:43] "POST /classify HTTP/1.1" 200 -
2025-05-14 04:49:50,156 - INFO - [76ce3836] Classification request received
2025-05-14 04:49:50,157 - INFO - [76ce3836] Model type: naive_bayes_model
2025-05-14 04:49:50,157 - INFO - [76ce3836] Title length: 47 characters
2025-05-14 04:49:50,157 - INFO - [76ce3836] Description length: 145 characters
2025-05-14 04:49:50,157 - INFO - [76ce3836] Content length: 5871 characters
2025-05-14 04:49:50,157 - INFO - [76ce3836] Using machine learning model: naive_bayes_model
2025-05-14 04:49:50,157 - INFO - Starting prediction with naive_bayes_model...
2025-05-14 04:49:50,158 - INFO - Input title: Tiến sĩ người Việt trong cuộc đua AI của Google
2025-05-14 04:49:50,158 - INFO - Cleaning input text...
2025-05-14 04:49:50,380 - INFO - Text cleaned successfully. Combined length: 3731 characters
2025-05-14 04:49:50,381 - INFO - Using Naive Bayes model for prediction
2025-05-14 04:49:50,383 - INFO - Text vectorized successfully. Shape: (1, 5000)
2025-05-14 04:49:50,384 - INFO - Prediction result: AI
2025-05-14 04:49:50,385 - INFO - Top 5 predictions:
2025-05-14 04:49:50,385 - INFO -   1. AI: 0.7996
2025-05-14 04:49:50,386 - INFO -   2. Chân dung: 0.0559
2025-05-14 04:49:50,386 - INFO -   3. Giáo dục 4.0: 0.0390
2025-05-14 04:49:50,386 - INFO -   4. Tin tức Giáo dục: 0.0378
2025-05-14 04:49:50,386 - INFO -   5. Chuyển đổi số: 0.0295
2025-05-14 04:49:50,387 - INFO - Prediction completed in 0.23 seconds
2025-05-14 04:49:50,387 - INFO - [76ce3836] Classification successful. Predicted topic: AI
2025-05-14 04:49:50,387 - INFO - [76ce3836] Classification completed with model: Naive Bayes
2025-05-14 04:49:50,388 - INFO - 127.0.0.1 - - [14/May/2025 04:49:50] "POST /classify HTTP/1.1" 200 -
2025-05-14 04:49:54,832 - INFO - [33951b73] Classification request received
2025-05-14 04:49:54,883 - INFO - [33951b73] Model type: bigru_model
2025-05-14 04:49:54,883 - INFO - [33951b73] Title length: 47 characters
2025-05-14 04:49:54,883 - INFO - [33951b73] Description length: 145 characters
2025-05-14 04:49:54,883 - INFO - [33951b73] Content length: 5871 characters
2025-05-14 04:49:54,884 - INFO - [33951b73] Using deep learning model: bigru_model
2025-05-14 04:49:54,884 - INFO - Starting prediction with bigru_model...
2025-05-14 04:49:54,884 - INFO - Input title: Tiến sĩ người Việt trong cuộc đua AI của Google
2025-05-14 04:49:54,884 - INFO - Cleaning input text...
2025-05-14 04:49:55,287 - INFO - Text cleaned successfully. Combined length: 3731 characters
2025-05-14 04:49:55,288 - INFO - Using BiGRU model for prediction
2025-05-14 04:49:55,289 - INFO - Text tokenized and padded successfully. Shape: (1, 200)
2025-05-14 04:49:57,868 - INFO - Prediction result: AI with accuracy: 0.8782
2025-05-14 04:49:57,869 - INFO - Top 5 predictions:
2025-05-14 04:49:57,869 - INFO -   1. AI: 0.8782
2025-05-14 04:49:57,869 - INFO -   2. Giải trí thời trang: 0.0614
2025-05-14 04:49:57,869 - INFO -   3. Chuyển đổi số: 0.0169
2025-05-14 04:49:57,870 - INFO -   4. Hồ sơ phá án: 0.0139
2025-05-14 04:49:57,870 - INFO -   5. Tổ ấm: 0.0115
2025-05-14 04:49:57,870 - INFO - Prediction completed in 2.99 seconds
2025-05-14 04:49:57,870 - INFO - [33951b73] Classification successful. Predicted topic: AI
2025-05-14 04:49:57,870 - INFO - [33951b73] Classification completed with model: BiGRU
2025-05-14 04:49:57,871 - INFO - 127.0.0.1 - - [14/May/2025 04:49:57] "POST /classify HTTP/1.1" 200 -
2025-05-14 04:50:01,844 - INFO - [c964bf34] Classification request received
2025-05-14 04:50:01,845 - INFO - [c964bf34] Model type: bilstm_model
2025-05-14 04:50:01,845 - INFO - [c964bf34] Title length: 47 characters
2025-05-14 04:50:01,845 - INFO - [c964bf34] Description length: 145 characters
2025-05-14 04:50:01,845 - INFO - [c964bf34] Content length: 5871 characters
2025-05-14 04:50:01,847 - INFO - [c964bf34] Using deep learning model: bilstm_model
2025-05-14 04:50:01,847 - INFO - Starting prediction with bilstm_model...
2025-05-14 04:50:01,847 - INFO - Input title: Tiến sĩ người Việt trong cuộc đua AI của Google
2025-05-14 04:50:01,847 - INFO - Cleaning input text...
2025-05-14 04:50:02,019 - INFO - Text cleaned successfully. Combined length: 3731 characters
2025-05-14 04:50:02,019 - INFO - Using BiLSTM model for prediction
2025-05-14 04:50:02,020 - INFO - Text tokenized and padded successfully. Shape: (1, 200)
2025-05-14 04:50:02,626 - INFO - Prediction result: AI with accuracy: 0.9713
2025-05-14 04:50:02,627 - INFO - Top 5 predictions:
2025-05-14 04:50:02,627 - INFO -   1. AI: 0.9713
2025-05-14 04:50:02,627 - INFO -   2. Chuyển đổi số: 0.0133
2025-05-14 04:50:02,627 - INFO -   3. Học tiếng anh: 0.0053
2025-05-14 04:50:02,628 - INFO -   4. Thiết bị: 0.0039
2025-05-14 04:50:02,628 - INFO -   5. Chân dung: 0.0025
2025-05-14 04:50:02,628 - INFO - Prediction completed in 0.78 seconds
2025-05-14 04:50:02,628 - INFO - [c964bf34] Classification successful. Predicted topic: AI
2025-05-14 04:50:02,628 - INFO - [c964bf34] Classification completed with model: BiLSTM
2025-05-14 04:50:02,629 - INFO - 127.0.0.1 - - [14/May/2025 04:50:02] "POST /classify HTTP/1.1" 200 -
2025-05-14 04:50:36,599 - INFO - [c662d676] Classification request received
2025-05-14 04:50:36,600 - INFO - [c662d676] Model type: logistic_regression_model
2025-05-14 04:50:36,600 - INFO - [c662d676] Title length: 47 characters
2025-05-14 04:50:36,601 - INFO - [c662d676] Description length: 145 characters
2025-05-14 04:50:36,601 - INFO - [c662d676] Content length: 442 characters
2025-05-14 04:50:36,601 - INFO - [c662d676] Using machine learning model: logistic_regression_model
2025-05-14 04:50:36,601 - INFO - Starting prediction with logistic_regression_model...
2025-05-14 04:50:36,602 - INFO - Input title: Tiến sĩ người Việt trong cuộc đua AI của Google
2025-05-14 04:50:36,602 - INFO - Cleaning input text...
2025-05-14 04:50:36,629 - INFO - Text cleaned successfully. Combined length: 484 characters
2025-05-14 04:50:36,629 - INFO - Using Logistic Regression model for prediction
2025-05-14 04:50:36,630 - INFO - Text vectorized successfully. Shape: (1, 5000)
2025-05-14 04:50:36,631 - INFO - Prediction result: AI
2025-05-14 04:50:36,631 - INFO - Top 5 predictions:
2025-05-14 04:50:36,632 - INFO -   1. AI: 0.7380
2025-05-14 04:50:36,632 - INFO -   2. Chân dung: 0.0217
2025-05-14 04:50:36,633 - INFO -   3. Chuyển đổi số: 0.0187
2025-05-14 04:50:36,633 - INFO -   4. Tin tức Giáo dục: 0.0178
2025-05-14 04:50:36,633 - INFO -   5. Người Việt 5 châu: 0.0140
2025-05-14 04:50:36,633 - INFO - Prediction completed in 0.03 seconds
2025-05-14 04:50:36,633 - INFO - [c662d676] Classification successful. Predicted topic: AI
2025-05-14 04:50:36,633 - INFO - [c662d676] Classification completed with model: Logistic Regression
2025-05-14 04:50:36,634 - INFO - 127.0.0.1 - - [14/May/2025 04:50:36] "POST /classify HTTP/1.1" 200 -
2025-05-14 04:50:41,290 - INFO - [bc367808] Classification request received
2025-05-14 04:50:41,292 - INFO - [bc367808] Model type: bilstm_model
2025-05-14 04:50:41,292 - INFO - [bc367808] Title length: 47 characters
2025-05-14 04:50:41,292 - INFO - [bc367808] Description length: 145 characters
2025-05-14 04:50:41,292 - INFO - [bc367808] Content length: 442 characters
2025-05-14 04:50:41,292 - INFO - [bc367808] Using deep learning model: bilstm_model
2025-05-14 04:50:41,292 - INFO - Starting prediction with bilstm_model...
2025-05-14 04:50:41,293 - INFO - Input title: Tiến sĩ người Việt trong cuộc đua AI của Google
2025-05-14 04:50:41,293 - INFO - Cleaning input text...
2025-05-14 04:50:41,321 - INFO - Text cleaned successfully. Combined length: 484 characters
2025-05-14 04:50:41,322 - INFO - Using BiLSTM model for prediction
2025-05-14 04:50:41,322 - INFO - Text tokenized and padded successfully. Shape: (1, 200)
2025-05-14 04:50:41,404 - INFO - Prediction result: AI with accuracy: 0.7962
2025-05-14 04:50:41,405 - INFO - Top 5 predictions:
2025-05-14 04:50:41,405 - INFO -   1. AI: 0.7962
2025-05-14 04:50:41,405 - INFO -   2. Học tiếng anh: 0.0941
2025-05-14 04:50:41,405 - INFO -   3. Chuyển đổi số: 0.0749
2025-05-14 04:50:41,406 - INFO -   4. Thiết bị: 0.0261
2025-05-14 04:50:41,406 - INFO -   5. Việc làm: 0.0034
2025-05-14 04:50:41,406 - INFO - Prediction completed in 0.11 seconds
2025-05-14 04:50:41,406 - INFO - [bc367808] Classification successful. Predicted topic: AI
2025-05-14 04:50:41,406 - INFO - [bc367808] Classification completed with model: BiLSTM
2025-05-14 04:50:41,407 - INFO - 127.0.0.1 - - [14/May/2025 04:50:41] "POST /classify HTTP/1.1" 200 -
2025-05-14 04:51:33,857 - INFO - [01ffbbe3] Classification request received
2025-05-14 04:51:33,859 - INFO - [01ffbbe3] Model type: logistic_regression_model
2025-05-14 04:51:33,859 - INFO - [01ffbbe3] Title length: 62 characters
2025-05-14 04:51:33,859 - INFO - [01ffbbe3] Description length: 163 characters
2025-05-14 04:51:33,860 - INFO - [01ffbbe3] Content length: 5426 characters
2025-05-14 04:51:33,860 - INFO - [01ffbbe3] Using machine learning model: logistic_regression_model
2025-05-14 04:51:33,860 - INFO - Starting prediction with logistic_regression_model...
2025-05-14 04:51:33,860 - INFO - Input title: Chàng trai Việt ở trung tâm khởi nghiệp đại học to...
2025-05-14 04:51:33,861 - INFO - Cleaning input text...
2025-05-14 04:51:34,063 - INFO - Text cleaned successfully. Combined length: 3429 characters
2025-05-14 04:51:34,064 - INFO - Using Logistic Regression model for prediction
2025-05-14 04:51:34,066 - INFO - Text vectorized successfully. Shape: (1, 5000)
2025-05-14 04:51:34,066 - INFO - Prediction result: Du học
2025-05-14 04:51:34,067 - INFO - Top 5 predictions:
2025-05-14 04:51:34,068 - INFO -   1. Du học: 0.1831
2025-05-14 04:51:34,068 - INFO -   2. Chân dung: 0.1258
2025-05-14 04:51:34,068 - INFO -   3. Giáo dục 4.0: 0.1094
2025-05-14 04:51:34,068 - INFO -   4. Nhịp sống: 0.0931
2025-05-14 04:51:34,068 - INFO -   5. Tin tức Giáo dục: 0.0771
2025-05-14 04:51:34,068 - INFO - Prediction completed in 0.21 seconds
2025-05-14 04:51:34,069 - INFO - [01ffbbe3] Classification successful. Predicted topic: Du học
2025-05-14 04:51:34,069 - INFO - [01ffbbe3] Classification completed with model: Logistic Regression
2025-05-14 04:51:34,069 - INFO - 127.0.0.1 - - [14/May/2025 04:51:34] "POST /classify HTTP/1.1" 200 -
2025-05-14 04:51:49,498 - INFO - [72fa18a0] Classification request received
2025-05-14 04:51:49,500 - INFO - [72fa18a0] Model type: bilstm_model
2025-05-14 04:51:49,500 - INFO - [72fa18a0] Title length: 62 characters
2025-05-14 04:51:49,500 - INFO - [72fa18a0] Description length: 163 characters
2025-05-14 04:51:49,501 - INFO - [72fa18a0] Content length: 5426 characters
2025-05-14 04:51:49,501 - INFO - [72fa18a0] Using deep learning model: bilstm_model
2025-05-14 04:51:49,501 - INFO - Starting prediction with bilstm_model...
2025-05-14 04:51:49,501 - INFO - Input title: Chàng trai Việt ở trung tâm khởi nghiệp đại học to...
2025-05-14 04:51:49,502 - INFO - Cleaning input text...
2025-05-14 04:51:49,693 - INFO - Text cleaned successfully. Combined length: 3429 characters
2025-05-14 04:51:49,693 - INFO - Using BiLSTM model for prediction
2025-05-14 04:51:49,693 - INFO - Text tokenized and padded successfully. Shape: (1, 200)
2025-05-14 04:51:49,770 - INFO - Prediction result: Du học with accuracy: 0.4455
2025-05-14 04:51:49,772 - INFO - Top 5 predictions:
2025-05-14 04:51:49,772 - INFO -   1. Du học: 0.4455
2025-05-14 04:51:49,772 - INFO -   2. Hàng hóa: 0.2188
2025-05-14 04:51:49,772 - INFO -   3. Ebank: 0.1915
2025-05-14 04:51:49,772 - INFO -   4. Giáo dục 4.0: 0.0332
2025-05-14 04:51:49,772 - INFO -   5. Kinh doanh quốc tế: 0.0242
2025-05-14 04:51:49,773 - INFO - Prediction completed in 0.27 seconds
2025-05-14 04:51:49,773 - INFO - [72fa18a0] Classification successful. Predicted topic: Du học
2025-05-14 04:51:49,773 - INFO - [72fa18a0] Classification completed with model: BiLSTM
2025-05-14 04:51:49,774 - INFO - 127.0.0.1 - - [14/May/2025 04:51:49] "POST /classify HTTP/1.1" 200 -
2025-05-14 04:52:32,047 - INFO - [a1458420] Classification request received
2025-05-14 04:52:32,049 - INFO - [a1458420] Model type: logistic_regression_model
2025-05-14 04:52:32,049 - INFO - [a1458420] Title length: 66 characters
2025-05-14 04:52:32,050 - INFO - [a1458420] Description length: 149 characters
2025-05-14 04:52:32,050 - INFO - [a1458420] Content length: 1461 characters
2025-05-14 04:52:32,050 - INFO - [a1458420] Using machine learning model: logistic_regression_model
2025-05-14 04:52:32,051 - INFO - Starting prediction with logistic_regression_model...
2025-05-14 04:52:32,051 - INFO - Input title: Đề xuất cán bộ dân sự được tham gia gìn giữ hòa bì...
2025-05-14 04:52:32,051 - INFO - Cleaning input text...
2025-05-14 04:52:32,092 - INFO - Text cleaned successfully. Combined length: 1214 characters
2025-05-14 04:52:32,093 - INFO - Using Logistic Regression model for prediction
2025-05-14 04:52:32,094 - INFO - Text vectorized successfully. Shape: (1, 5000)
2025-05-14 04:52:32,094 - INFO - Prediction result: Chính trị
2025-05-14 04:52:32,094 - INFO - Top 5 predictions:
2025-05-14 04:52:32,094 - INFO -   1. Chính trị: 0.5155
2025-05-14 04:52:32,095 - INFO -   2. Kinh doanh doanh nghiệp: 0.0381
2025-05-14 04:52:32,095 - INFO -   3. Quân sự: 0.0365
2025-05-14 04:52:32,095 - INFO -   4. Người Việt 5 châu: 0.0361
2025-05-14 04:52:32,095 - INFO -   5. Chuyển đổi số: 0.0276
2025-05-14 04:52:32,096 - INFO - Prediction completed in 0.05 seconds
2025-05-14 04:52:32,096 - INFO - [a1458420] Classification successful. Predicted topic: Chính trị
2025-05-14 04:52:32,096 - INFO - [a1458420] Classification completed with model: Logistic Regression
2025-05-14 04:52:32,096 - INFO - 127.0.0.1 - - [14/May/2025 04:52:32] "POST /classify HTTP/1.1" 200 -
2025-05-14 04:52:37,164 - INFO - [59cca040] Classification request received
2025-05-14 04:52:37,165 - INFO - [59cca040] Model type: naive_bayes_model
2025-05-14 04:52:37,165 - INFO - [59cca040] Title length: 66 characters
2025-05-14 04:52:37,166 - INFO - [59cca040] Description length: 149 characters
2025-05-14 04:52:37,167 - INFO - [59cca040] Content length: 1461 characters
2025-05-14 04:52:37,167 - INFO - [59cca040] Using machine learning model: naive_bayes_model
2025-05-14 04:52:37,167 - INFO - Starting prediction with naive_bayes_model...
2025-05-14 04:52:37,167 - INFO - Input title: Đề xuất cán bộ dân sự được tham gia gìn giữ hòa bì...
2025-05-14 04:52:37,167 - INFO - Cleaning input text...
2025-05-14 04:52:37,214 - INFO - Text cleaned successfully. Combined length: 1214 characters
2025-05-14 04:52:37,215 - INFO - Using Naive Bayes model for prediction
2025-05-14 04:52:37,215 - INFO - Text vectorized successfully. Shape: (1, 5000)
2025-05-14 04:52:37,217 - INFO - Prediction result: Chính trị
2025-05-14 04:52:37,218 - INFO - Top 5 predictions:
2025-05-14 04:52:37,219 - INFO -   1. Chính trị: 0.7326
2025-05-14 04:52:37,219 - INFO -   2. Việc làm: 0.0412
2025-05-14 04:52:37,219 - INFO -   3. Tin tức Giáo dục: 0.0331
2025-05-14 04:52:37,219 - INFO -   4. Kinh doanh doanh nghiệp: 0.0261
2025-05-14 04:52:37,220 - INFO -   5. Ebank: 0.0205
2025-05-14 04:52:37,220 - INFO - Prediction completed in 0.05 seconds
2025-05-14 04:52:37,220 - INFO - [59cca040] Classification successful. Predicted topic: Chính trị
2025-05-14 04:52:37,220 - INFO - [59cca040] Classification completed with model: Naive Bayes
2025-05-14 04:52:37,221 - INFO - 127.0.0.1 - - [14/May/2025 04:52:37] "POST /classify HTTP/1.1" 200 -
2025-05-14 04:52:41,195 - INFO - [83321c36] Classification request received
2025-05-14 04:52:41,197 - INFO - [83321c36] Model type: bigru_model
2025-05-14 04:52:41,197 - INFO - [83321c36] Title length: 66 characters
2025-05-14 04:52:41,198 - INFO - [83321c36] Description length: 149 characters
2025-05-14 04:52:41,198 - INFO - [83321c36] Content length: 1461 characters
2025-05-14 04:52:41,198 - INFO - [83321c36] Using deep learning model: bigru_model
2025-05-14 04:52:41,198 - INFO - Starting prediction with bigru_model...
2025-05-14 04:52:41,198 - INFO - Input title: Đề xuất cán bộ dân sự được tham gia gìn giữ hòa bì...
2025-05-14 04:52:41,199 - INFO - Cleaning input text...
2025-05-14 04:52:41,249 - INFO - Text cleaned successfully. Combined length: 1214 characters
2025-05-14 04:52:41,250 - INFO - Using BiGRU model for prediction
2025-05-14 04:52:41,250 - INFO - Text tokenized and padded successfully. Shape: (1, 200)
2025-05-14 04:52:41,347 - INFO - Prediction result: Chính trị with accuracy: 0.9853
2025-05-14 04:52:41,347 - INFO - Top 5 predictions:
2025-05-14 04:52:41,347 - INFO -   1. Chính trị: 0.9853
2025-05-14 04:52:41,348 - INFO -   2. Giao thông: 0.0098
2025-05-14 04:52:41,348 - INFO -   3. Quân sự: 0.0012
2025-05-14 04:52:41,348 - INFO -   4. Ebank: 0.0010
2025-05-14 04:52:41,348 - INFO -   5. Tin tức Giáo dục: 0.0007
2025-05-14 04:52:41,348 - INFO - Prediction completed in 0.15 seconds
2025-05-14 04:52:41,349 - INFO - [83321c36] Classification successful. Predicted topic: Chính trị
2025-05-14 04:52:41,349 - INFO - [83321c36] Classification completed with model: BiGRU
2025-05-14 04:52:41,350 - INFO - 127.0.0.1 - - [14/May/2025 04:52:41] "POST /classify HTTP/1.1" 200 -
2025-05-14 04:52:45,179 - INFO - [f6998973] Classification request received
2025-05-14 04:52:45,180 - INFO - [f6998973] Model type: bilstm_model
2025-05-14 04:52:45,181 - INFO - [f6998973] Title length: 66 characters
2025-05-14 04:52:45,181 - INFO - [f6998973] Description length: 149 characters
2025-05-14 04:52:45,181 - INFO - [f6998973] Content length: 1461 characters
2025-05-14 04:52:45,181 - INFO - [f6998973] Using deep learning model: bilstm_model
2025-05-14 04:52:45,181 - INFO - Starting prediction with bilstm_model...
2025-05-14 04:52:45,182 - INFO - Input title: Đề xuất cán bộ dân sự được tham gia gìn giữ hòa bì...
2025-05-14 04:52:45,182 - INFO - Cleaning input text...
2025-05-14 04:52:45,221 - INFO - Text cleaned successfully. Combined length: 1214 characters
2025-05-14 04:52:45,221 - INFO - Using BiLSTM model for prediction
2025-05-14 04:52:45,222 - INFO - Text tokenized and padded successfully. Shape: (1, 200)
2025-05-14 04:52:45,299 - INFO - Prediction result: Chính trị with accuracy: 0.9769
2025-05-14 04:52:45,300 - INFO - Top 5 predictions:
2025-05-14 04:52:45,300 - INFO -   1. Chính trị: 0.9769
2025-05-14 04:52:45,300 - INFO -   2. Tin tức Giáo dục: 0.0151
2025-05-14 04:52:45,301 - INFO -   3. Giao thông: 0.0033
2025-05-14 04:52:45,301 - INFO -   4. Chân dung: 0.0014
2025-05-14 04:52:45,301 - INFO -   5. Chuyển đổi số: 0.0010
2025-05-14 04:52:45,301 - INFO - Prediction completed in 0.12 seconds
2025-05-14 04:52:45,302 - INFO - [f6998973] Classification successful. Predicted topic: Chính trị
2025-05-14 04:52:45,302 - INFO - [f6998973] Classification completed with model: BiLSTM
2025-05-14 04:52:45,303 - INFO - 127.0.0.1 - - [14/May/2025 04:52:45] "POST /classify HTTP/1.1" 200 -
