2025-05-14 04:28:10,909 - flask_app - INFO - Starting Flask application...
2025-05-14 04:28:10,912 - flask_app - INFO - Initializing ModelManager...
2025-05-14 04:28:10,912 - model_manager - INFO - Initializing models...
2025-05-14 04:28:10,912 - model_manager - INFO - Initializing TextCleaner...
2025-05-14 04:28:24,289 - model_manager - INFO - TextCleaner initialized successfully.
2025-05-14 04:28:24,291 - model_manager - INFO - Loading TF-IDF Vectorizer...
2025-05-14 04:28:28,443 - model_manager - INFO - TF-IDF Vectorizer loaded from: D:\DUT_ITF\Semester_8th\xu_ly_ngon_ngu_tu_nhien\code\news_classification\models\tfidf_vectorizer.joblib
2025-05-14 04:28:28,444 - model_manager - INFO - Loading Naive Bayes model...
2025-05-14 04:28:28,450 - model_manager - INFO - Naive Bayes model loaded from: D:\DUT_ITF\Semester_8th\xu_ly_ngon_ngu_tu_nhien\code\news_classification\models\naive_bayes_model.joblib
2025-05-14 04:28:28,450 - model_manager - INFO - Loading Logistic Regression model...
2025-05-14 04:28:28,614 - model_manager - INFO - Logistic Regression model loaded from: D:\DUT_ITF\Semester_8th\xu_ly_ngon_ngu_tu_nhien\code\news_classification\models\logistic_regression_model.joblib
2025-05-14 04:28:28,616 - model_manager - INFO - Loading tokenizer...
2025-05-14 04:28:28,649 - model_manager - INFO - Tokenizer loaded from: D:\DUT_ITF\Semester_8th\xu_ly_ngon_ngu_tu_nhien\code\news_classification\models\tokenizer.pkl
2025-05-14 04:28:28,651 - model_manager - INFO - Loading label encoder...
2025-05-14 04:28:28,651 - model_manager - INFO - Label encoder loaded from: D:\DUT_ITF\Semester_8th\xu_ly_ngon_ngu_tu_nhien\code\news_classification\models\label_encoder.pkl
2025-05-14 04:28:28,652 - model_manager - INFO - Loading max_len...
2025-05-14 04:28:28,652 - model_manager - INFO - Max length loaded: 200 from D:\DUT_ITF\Semester_8th\xu_ly_ngon_ngu_tu_nhien\code\news_classification\models\max_len.pkl
2025-05-14 04:28:28,652 - model_manager - INFO - Loading BiGRU model...
2025-05-14 04:28:29,764 - model_manager - INFO - BiGRU model loaded from: D:\DUT_ITF\Semester_8th\xu_ly_ngon_ngu_tu_nhien\code\news_classification\models\bigru_model.keras
2025-05-14 04:28:29,764 - model_manager - INFO - Loading BiLSTM model...
2025-05-14 04:28:30,203 - model_manager - INFO - BiLSTM model loaded from: D:\DUT_ITF\Semester_8th\xu_ly_ngon_ngu_tu_nhien\code\news_classification\models\bilstm_model.keras
2025-05-14 04:28:30,204 - model_manager - INFO - Model initialization complete.
2025-05-14 04:28:30,204 - flask_app - INFO - ModelManager initialized successfully.
2025-05-14 04:28:30,204 - flask_app - INFO - Flask application created, starting server...
2025-05-14 04:28:30,212 - werkzeug - INFO - [31m[1mWARNING: This is a development server. Do not use it in a production deployment. Use a production WSGI server instead.[0m
 * Running on http://127.0.0.1:5000
2025-05-14 04:28:30,213 - werkzeug - INFO - [33mPress CTRL+C to quit[0m
2025-05-14 04:29:26,393 - flask_app - INFO - Index page accessed
2025-05-14 04:29:26,398 - werkzeug - INFO - 127.0.0.1 - - [14/May/2025 04:29:26] "GET / HTTP/1.1" 200 -
2025-05-14 04:29:26,467 - werkzeug - INFO - 127.0.0.1 - - [14/May/2025 04:29:26] "[33mGET /.well-known/appspecific/com.chrome.devtools.json HTTP/1.1[0m" 404 -
2025-05-14 04:29:26,576 - werkzeug - INFO - 127.0.0.1 - - [14/May/2025 04:29:26] "[36mGET /static/css/style.css HTTP/1.1[0m" 304 -
2025-05-14 04:29:26,576 - werkzeug - INFO - 127.0.0.1 - - [14/May/2025 04:29:26] "[36mGET /static/js/main.js HTTP/1.1[0m" 304 -
2025-05-14 04:29:38,981 - flask_app - INFO - [37d1213b] Classification request received
2025-05-14 04:29:38,983 - flask_app - INFO - [37d1213b] Model type: logistic_regression_model
2025-05-14 04:29:38,983 - flask_app - INFO - [37d1213b] Title length: 55 characters
2025-05-14 04:29:38,984 - flask_app - INFO - [37d1213b] Description length: 144 characters
2025-05-14 04:29:38,984 - flask_app - INFO - [37d1213b] Content length: 902 characters
2025-05-14 04:29:38,984 - flask_app - INFO - [37d1213b] Using machine learning model: logistic_regression_model
2025-05-14 04:29:38,984 - model_manager - INFO - Starting prediction with logistic_regression_model...
2025-05-14 04:29:38,991 - model_manager - INFO - Cleaning input text...
2025-05-14 04:29:39,365 - model_manager - INFO - Text cleaned successfully. Combined length: 704 characters
2025-05-14 04:29:39,366 - model_manager - INFO - Using Logistic Regression model for prediction
2025-05-14 04:29:39,368 - model_manager - INFO - Text vectorized successfully. Shape: (1, 5000)
2025-05-14 04:29:39,374 - model_manager - INFO - Top 5 predictions:
2025-05-14 04:29:39,404 - model_manager - INFO - Prediction completed in 0.42 seconds
2025-05-14 04:29:39,410 - flask_app - INFO - [37d1213b] Classification completed with model: Logistic Regression
2025-05-14 04:29:39,410 - werkzeug - INFO - 127.0.0.1 - - [14/May/2025 04:29:39] "POST /classify HTTP/1.1" 200 -
